2025-05-10 09:41:23,288 INFO: Starting model export
2025-05-10 09:41:30,994 INFO: save_model stdout:

2025-05-10 09:41:30,994 ERROR: save_model stderr:
2025-05-10 09:41:24.268102: E external/local_xla/xla/stream_executor/cuda/cuda_fft.cc:467] Unable to register cuFFT factory: Attempting to register factory for plugin cuFFT when one has already been registered
WARNING: All log messages before absl::InitializeLog() is called are written to STDERR
E0000 00:00:1746850284.341858   43844 cuda_dnn.cc:8579] Unable to register cuDNN factory: Attempting to register factory for plugin cuDNN when one has already been registered
E0000 00:00:1746850284.363988   43844 cuda_blas.cc:1407] Unable to register cuBLAS factory: Attempting to register factory for plugin cuBLAS when one has already been registered
W0000 00:00:1746850284.522312   43844 computation_placer.cc:177] computation placer already registered. Please check linkage and avoid linking the same target more than once.
W0000 00:00:1746850284.522388   43844 computation_placer.cc:177] computation placer already registered. Please check linkage and avoid linking the same target more than once.
W0000 00:00:1746850284.522391   43844 computation_placer.cc:177] computation placer already registered. Please check linkage and avoid linking the same target more than once.
W0000 00:00:1746850284.522393   43844 computation_placer.cc:177] computation placer already registered. Please check linkage and avoid linking the same target more than once.
2025-05-10 09:41:24.541448: I tensorflow/core/platform/cpu_feature_guard.cc:210] This TensorFlow binary is optimized to use available CPU instructions in performance-critical operations.
To enable the following instructions: AVX2 FMA, in other operations, rebuild TensorFlow with the appropriate compiler flags.
Traceback (most recent call last):
  File "/media/dhruv/Local Disk/Yolo-Lite/Yolo-Lite/tensorflow-yolov4-tflite/save_model.py", line 4, in <module>
    from core.yolov4 import YOLO, decode, filter_boxes
  File "/media/dhruv/Local Disk/Yolo-Lite/Yolo-Lite/tensorflow-yolov4-tflite/core/yolov4.py", line 6, in <module>
    import core.utils as utils
  File "/media/dhruv/Local Disk/Yolo-Lite/Yolo-Lite/tensorflow-yolov4-tflite/core/utils.py", line 6, in <module>
    from core.config import cfg
  File "/media/dhruv/Local Disk/Yolo-Lite/Yolo-Lite/tensorflow-yolov4-tflite/core/config.py", line 3, in <module>
    from easydict import EasyDict as edict
ModuleNotFoundError: No module named 'easydict'

2025-05-10 09:41:30,994 ERROR: Failed to generate SavedModel
